<?xml version="1.0" encoding="UTF-8"?>
<!-- Generated by org.testng.reporters.JUnitXMLReporter -->
<testsuite ignored="0" hostname="WX-OR1031070" failures="0" tests="3" name="Default test" time="14.074" errors="0" timestamp="2022-11-26T15:16:45 EET">
  <testcase classname="smartbuy_website.smartbuy_testing" name="testing_add_item_cart_Huawei_Tablet_MatePad_2022_LTE_MatteGrey" time="3.931"/>
  <testcase classname="smartbuy_website.smartbuy_testing" name="checking_price" time="1.141"/>
  <testcase classname="smartbuy_website.smartbuy_testing" name="checking_single_price_with_discount" time="0.075"/>
</testsuite> <!-- Default test -->
