<?xml version="1.0" encoding="UTF-8"?>
<testng-results ignored="0" total="3" passed="3" failed="0" skipped="0">
  <reporter-output>
  </reporter-output>
  <suite started-at="2022-11-26T15:16:31 EET" name="Default suite" finished-at="2022-11-26T15:16:45 EET" duration-ms="14074">
    <groups>
    </groups>
    <test started-at="2022-11-26T15:16:31 EET" name="Default test" finished-at="2022-11-26T15:16:45 EET" duration-ms="14074">
      <class name="smartbuy_website.smartbuy_testing">
        <test-method is-config="true" signature="before_starting_testing()[pri:0, instance:smartbuy_website.smartbuy_testing@2c1b194a]" started-at="2022-11-26T15:16:31 EET" name="before_starting_testing" finished-at="2022-11-26T15:16:40 EET" duration-ms="8887" status="PASS">
          <reporter-output>
          </reporter-output>
        </test-method> <!-- before_starting_testing -->
        <test-method signature="testing_add_item_cart_Huawei_Tablet_MatePad_2022_LTE_MatteGrey()[pri:1, instance:smartbuy_website.smartbuy_testing@2c1b194a]" started-at="2022-11-26T15:16:40 EET" name="testing_add_item_cart_Huawei_Tablet_MatePad_2022_LTE_MatteGrey" finished-at="2022-11-26T15:16:44 EET" duration-ms="3931" status="PASS">
          <reporter-output>
          </reporter-output>
        </test-method> <!-- testing_add_item_cart_Huawei_Tablet_MatePad_2022_LTE_MatteGrey -->
        <test-method signature="checking_price()[pri:2, instance:smartbuy_website.smartbuy_testing@2c1b194a]" started-at="2022-11-26T15:16:44 EET" name="checking_price" finished-at="2022-11-26T15:16:45 EET" duration-ms="1141" status="PASS">
          <reporter-output>
          </reporter-output>
        </test-method> <!-- checking_price -->
        <test-method signature="checking_single_price_with_discount()[pri:3, instance:smartbuy_website.smartbuy_testing@2c1b194a]" started-at="2022-11-26T15:16:45 EET" name="checking_single_price_with_discount" finished-at="2022-11-26T15:16:45 EET" duration-ms="75" status="PASS">
          <reporter-output>
          </reporter-output>
        </test-method> <!-- checking_single_price_with_discount -->
      </class> <!-- smartbuy_website.smartbuy_testing -->
    </test> <!-- Default test -->
  </suite> <!-- Default suite -->
</testng-results>
